<?xml version="1.0" encoding="UTF-8"?>
<coverage generated="1660741345630" clover="3.2.0">
  <project timestamp="1660741345630" name="All files">
    <metrics statements="7" coveredstatements="3" conditionals="2" coveredconditionals="2" methods="4" coveredmethods="3" elements="13" coveredelements="8" complexity="0" loc="7" ncloc="7" packages="2" files="4" classes="4"/>
    <package name="src">
      <metrics statements="5" coveredstatements="1" conditionals="0" coveredconditionals="0" methods="2" coveredmethods="1"/>
      <file name="App.vue" path="C:\Users\АлексейКоковин\devel\cdjs-vue\src\App.vue">
        <metrics statements="1" coveredstatements="1" conditionals="0" coveredconditionals="0" methods="1" coveredmethods="1"/>
        <line num="1" count="6" type="stmt"/>
      </file>
      <file name="main.js" path="C:\Users\АлексейКоковин\devel\cdjs-vue\src\main.js">
        <metrics statements="4" coveredstatements="0" conditionals="0" coveredconditionals="0" methods="1" coveredmethods="0"/>
        <line num="5" count="0" type="stmt"/>
        <line num="6" count="0" type="stmt"/>
        <line num="8" count="0" type="stmt"/>
        <line num="9" count="0" type="stmt"/>
      </file>
    </package>
    <package name="src.components">
      <metrics statements="2" coveredstatements="2" conditionals="2" coveredconditionals="2" methods="2" coveredmethods="2"/>
      <file name="cd-list.vue" path="C:\Users\АлексейКоковин\devel\cdjs-vue\src\components\cd-list.vue">
        <metrics statements="1" coveredstatements="1" conditionals="2" coveredconditionals="2" methods="1" coveredmethods="1"/>
        <line num="1" count="32" type="cond" truecount="2" falsecount="0"/>
      </file>
      <file name="cd-tabs.vue" path="C:\Users\АлексейКоковин\devel\cdjs-vue\src\components\cd-tabs.vue">
        <metrics statements="1" coveredstatements="1" conditionals="0" coveredconditionals="0" methods="1" coveredmethods="1"/>
        <line num="1" count="6" type="stmt"/>
      </file>
    </package>
  </project>
</coverage>
