{"C:\\Users\\АлексейКоковин\\devel\\cdjs-vue\\src\\App.vue": {"path":"C:\\Users\\АлексейКоковин\\devel\\cdjs-vue\\src\\App.vue","statementMap":{"0":{"start":{"line":1,"column":0},"end":{"line":1,"column":null}}},"fnMap":{"0":{"name":"(anonymous_0)","decl":{"start":{"line":1,"column":0},"end":{"line":1,"column":null}},"loc":{"start":{"line":1,"column":0},"end":{"line":1,"column":null}}}},"branchMap":{},"s":{"0":6},"f":{"0":1},"b":{}}
,"C:\\Users\\АлексейКоковин\\devel\\cdjs-vue\\src\\main.js": {"path":"C:\\Users\\АлексейКоковин\\devel\\cdjs-vue\\src\\main.js","statementMap":{"0":{"start":{"line":5,"column":0},"end":{"line":5,"column":38}},"1":{"start":{"line":6,"column":0},"end":{"line":6,"column":32}},"2":{"start":{"line":8,"column":0},"end":{"line":10,"column":17}},"3":{"start":{"line":9,"column":15},"end":{"line":9,"column":21}}},"fnMap":{"0":{"name":"(anonymous_0)","decl":{"start":{"line":9,"column":10},"end":{"line":9,"column":11}},"loc":{"start":{"line":9,"column":15},"end":{"line":9,"column":21}},"line":9}},"branchMap":{},"s":{"0":0,"1":0,"2":0,"3":0},"f":{"0":0},"b":{}}
,"C:\\Users\\АлексейКоковин\\devel\\cdjs-vue\\src\\common\\list-aria-role.js": {"path":"C:\\Users\\АлексейКоковин\\devel\\cdjs-vue\\src\\common\\list-aria-role.js","statementMap":{"0":{"start":{"line":1,"column":18},"end":{"line":1,"column":138}},"1":{"start":{"line":2,"column":18},"end":{"line":2,"column":142}},"2":{"start":{"line":5,"column":4},"end":{"line":5,"column":40}},"3":{"start":{"line":8,"column":4},"end":{"line":8,"column":40}}},"fnMap":{"0":{"name":"validateItemRole","decl":{"start":{"line":4,"column":9},"end":{"line":4,"column":25}},"loc":{"start":{"line":4,"column":34},"end":{"line":6,"column":1}},"line":4},"1":{"name":"validateListRole","decl":{"start":{"line":7,"column":9},"end":{"line":7,"column":25}},"loc":{"start":{"line":7,"column":34},"end":{"line":9,"column":1}},"line":7}},"branchMap":{},"s":{"0":3,"1":3,"2":6,"3":6},"f":{"0":6,"1":6},"b":{},"_coverageSchema":"1a1c01bbd47fc00a2c39e90264f33305004495a9","hash":"f9563f46fafeaed63a4d665182f5e99b402f8a48"}
,"C:\\Users\\АлексейКоковин\\devel\\cdjs-vue\\src\\components\\cd-list.vue": {"path":"C:\\Users\\АлексейКоковин\\devel\\cdjs-vue\\src\\components\\cd-list.vue","statementMap":{"0":{"start":{"line":1,"column":0},"end":{"line":1,"column":null}}},"fnMap":{"0":{"name":"(anonymous_0)","decl":{"start":{"line":1,"column":0},"end":{"line":1,"column":null}},"loc":{"start":{"line":1,"column":0},"end":{"line":1,"column":null}}}},"branchMap":{"0":{"loc":{"start":{"line":1,"column":0},"end":{"line":1,"column":null}},"type":"cond-expr","locations":[{"start":{"line":1,"column":0},"end":{"line":1,"column":null}},{"start":{"line":1,"column":0},"end":{"line":1,"column":null}}]}},"s":{"0":56},"f":{"0":28},"b":{"0":[6,16]}}
,"C:\\Users\\АлексейКоковин\\devel\\cdjs-vue\\src\\components\\cd-tabs.vue": {"path":"C:\\Users\\АлексейКоковин\\devel\\cdjs-vue\\src\\components\\cd-tabs.vue","statementMap":{"0":{"start":{"line":1,"column":0},"end":{"line":1,"column":null}}},"fnMap":{"0":{"name":"(anonymous_0)","decl":{"start":{"line":1,"column":0},"end":{"line":1,"column":null}},"loc":{"start":{"line":1,"column":0},"end":{"line":1,"column":null}}}},"branchMap":{},"s":{"0":51},"f":{"0":16},"b":{}}
}
