TN:
SF:src\App.vue
FN:1,(anonymous_0)
FNF:1
FNH:1
FNDA:1,(anonymous_0)
DA:1,6
LF:1
LH:1
BRF:0
BRH:0
end_of_record
TN:
SF:src\main.js
FN:9,(anonymous_0)
FNF:1
FNH:0
FNDA:0,(anonymous_0)
DA:5,0
DA:6,0
DA:8,0
DA:9,0
LF:4
LH:0
BRF:0
BRH:0
end_of_record
TN:
SF:src\components\cd-list.vue
FN:1,(anonymous_5)
FNF:1
FNH:1
FNDA:12,(anonymous_5)
DA:1,32
LF:1
LH:1
BRDA:1,0,0,2
BRDA:1,0,1,12
BRF:2
BRH:2
end_of_record
TN:
SF:src\components\cd-tabs.vue
FN:1,(anonymous_0)
FNF:1
FNH:1
FNDA:1,(anonymous_0)
DA:1,6
LF:1
LH:1
BRF:0
BRH:0
end_of_record
