TN:
SF:src\App.vue
FN:1,(anonymous_0)
FNF:1
FNH:1
FNDA:1,(anonymous_0)
DA:1,6
LF:1
LH:1
BRF:0
BRH:0
end_of_record
TN:
SF:src\main.js
FN:9,(anonymous_0)
FNF:1
FNH:0
FNDA:0,(anonymous_0)
DA:5,0
DA:6,0
DA:8,0
DA:9,0
LF:4
LH:0
BRF:0
BRH:0
end_of_record
TN:
SF:src\common\list-aria-role.js
FN:4,validateItemRole
FN:7,validateListRole
FNF:2
FNH:2
FNDA:6,validateItemRole
FNDA:6,validateListRole
DA:1,3
DA:2,3
DA:5,6
DA:8,6
LF:4
LH:4
BRF:0
BRH:0
end_of_record
TN:
SF:src\components\cd-list.vue
FN:1,(anonymous_0)
FNF:1
FNH:1
FNDA:28,(anonymous_0)
DA:1,56
LF:1
LH:1
BRDA:1,0,0,6
BRDA:1,0,1,16
BRF:2
BRH:2
end_of_record
TN:
SF:src\components\cd-tabs.vue
FN:1,(anonymous_0)
FNF:1
FNH:1
FNDA:16,(anonymous_0)
DA:1,51
LF:1
LH:1
BRF:0
BRH:0
end_of_record
